<?xml version="1.0" encoding="UTF-8"?>
<!-- Generated by org.testng.reporters.JUnitReportReporter -->
<testsuite hostname="DESKTOP-9U6AI2J" failures="0" tests="3" name="DinamicJson" time="3.777" errors="0" timestamp="2023-01-16T19:09:11 EST" skipped="0">
  <testcase classname="DinamicJson" name="addBook" time="2.528"/>
  <system-out/>
  <testcase classname="DinamicJson" name="addBook" time="0.642"/>
  <system-out/>
  <testcase classname="DinamicJson" name="addBook" time="0.607"/>
  <system-out/>
</testsuite> <!-- DinamicJson -->
