<?xml version="1.0" encoding="UTF-8"?>
<!-- Generated by org.testng.reporters.JUnitReportReporter -->
<testsuite hostname="DESKTOP-9U6AI2J" failures="0" tests="1" name="SumValidation" time="2.296" errors="0" timestamp="2023-01-13T20:47:52 EST" skipped="0">
  <testcase classname="SumValidation" name="sumOfCourses" time="2.296"/>
  <system-out/>
</testsuite> <!-- SumValidation -->
